2020-10-28 10:41:13,413 - __main__ - DEBUG - debug message
2020-10-28 10:41:13,413 - __main__ - INFO - info message
2020-10-28 10:41:13,413 - __main__ - WARNING - warn message
2020-10-28 10:41:13,413 - __main__ - ERROR - error message
2020-10-28 10:41:13,413 - __main__ - CRITICAL - critical message
2020-10-28 10:41:13,414 - __main__ - INFO - Starting program: service
2020-10-28 10:41:13,588 - RSS - INFO - Checking RSS - new feed(s): 47
2020-10-28 10:41:13,588 - __main__ - DEBUG - Title : (코스닥)위세아이텍 - 단일판매ㆍ공급계약체결(자율공시) Link : http://dart.fss.or.kr/api/link.jsp?rcpNo=20201028900067 Datetime : 2020-10-28 00:32:00+00:00 Creator : 위세아이텍
2020-10-28 10:41:13,588 - __main__ - INFO - Target Filing: 위세아이텍 (코스닥)위세아이텍 - 단일판매ㆍ공급계약체결(자율공시)
2020-10-28 10:41:13,591 - __main__ - INFO - Converting corporation name to code: COMPLETE
2020-10-28 10:41:14,379 - __main__ - INFO - Fetching stock data from NAVER finance: COMPLETE
2020-10-28 10:41:21,826 - __main__ - INFO - Fetching DART filing data from DART: COMPLETE
2020-10-28 10:41:22,481 - __main__ - INFO - Making charts: COMPLETE
2020-10-28 10:41:22,485 - __main__ - INFO - Composing sentence for new article: COMPLETE
2020-10-28 10:41:25,856 - __main__ - INFO - Sending e-mail to recipient: COMPLETE
2020-10-28 10:41:25,857 - __main__ - INFO - TASK COMPLETE!!
2020-10-28 10:41:25,857 - __main__ - DEBUG - Title : (코스닥)나인테크 - 단일판매ㆍ공급계약체결 Link : http://dart.fss.or.kr/api/link.jsp?rcpNo=20201028900063 Datetime : 2020-10-28 00:12:00+00:00 Creator : 나인테크
2020-10-28 10:41:25,857 - __main__ - INFO - Target Filing: 나인테크 (코스닥)나인테크 - 단일판매ㆍ공급계약체결
2020-10-28 10:41:25,859 - __main__ - INFO - Converting corporation name to code: COMPLETE
2020-10-28 10:41:26,501 - __main__ - INFO - Fetching stock data from NAVER finance: COMPLETE
2020-10-28 10:41:32,464 - __main__ - INFO - Fetching DART filing data from DART: COMPLETE
2020-10-28 10:41:33,006 - __main__ - INFO - Making charts: COMPLETE
2020-10-28 10:41:33,011 - __main__ - INFO - Composing sentence for new article: COMPLETE
2020-10-28 10:41:36,152 - __main__ - INFO - Sending e-mail to recipient: COMPLETE
2020-10-28 10:41:36,152 - __main__ - INFO - TASK COMPLETE!!
2020-10-28 10:41:36,152 - __main__ - DEBUG - Title : (유가)STX엔진 - 단일판매ㆍ공급계약체결 Link : http://dart.fss.or.kr/api/link.jsp?rcpNo=20201028800061 Datetime : 2020-10-28 00:02:00+00:00 Creator : STX엔진
2020-10-28 10:41:36,152 - __main__ - INFO - Target Filing: STX엔진 (유가)STX엔진 - 단일판매ㆍ공급계약체결
2020-10-28 10:41:36,155 - __main__ - INFO - Converting corporation name to code: COMPLETE
2020-10-28 10:41:36,863 - __main__ - INFO - Fetching stock data from NAVER finance: COMPLETE
2020-10-28 10:41:42,935 - __main__ - INFO - Fetching DART filing data from DART: COMPLETE
2020-10-28 10:41:43,417 - __main__ - INFO - Making charts: COMPLETE
2020-10-28 10:41:43,420 - __main__ - INFO - Composing sentence for new article: COMPLETE
2020-10-28 10:41:46,400 - __main__ - INFO - Sending e-mail to recipient: COMPLETE
2020-10-28 10:41:46,400 - __main__ - INFO - TASK COMPLETE!!
2020-10-28 10:41:46,400 - __main__ - INFO - WAITING for RSS feed ...
2020-10-28 10:42:46,528 - RSS - INFO - Checking RSS - new feed(s): 0
2020-10-28 10:42:46,529 - __main__ - INFO - WAITING for RSS feed ...
2020-10-28 10:43:46,663 - RSS - INFO - Checking RSS - new feed(s): 1
2020-10-28 10:43:46,664 - __main__ - INFO - WAITING for RSS feed ...
2020-10-28 10:44:46,802 - RSS - INFO - Checking RSS - new feed(s): 0
2020-10-28 10:44:46,803 - __main__ - INFO - WAITING for RSS feed ...
2020-10-28 10:45:46,937 - RSS - INFO - Checking RSS - new feed(s): 0
2020-10-28 10:45:46,938 - __main__ - INFO - WAITING for RSS feed ...
